Arguments: 
  /Users/opantsjoha/.nvm/versions/node/v8.2.1/bin/node /usr/local/Cellar/yarn/0.27.5_1/libexec/bin/yarn.js i selenium-webdriver --save

PATH: 
  /Users/opantsjoha/.nvm/versions/node/v8.2.1/bin:/usr/local/Cellar/maven/3.5.0/bin:/Library/Java/JavaVirtualMachines/jdk1.8.0_111.jdk/Contents/Home/bin:/Users/opantsjoha/Documents/dotfiles/.bin:/usr/local/bin:/usr/bin:/bin:/usr/sbin:/sbin:/Users/opantsjoha/Library/Android/sdk/tools:/Users/opantsjoha/Library/Android/sdk/platform-tools:/Users/opantsjoha/Library/Android/sdk/tools/bin:/Users/opantsjoha/.nvm/versions/node/v8.2.1/lib/node_modules/selenium-standalone/.selenium/chromedriver:/Users/opantsjoha/.nvm/versions/node/v8.2.1/lib/node_modules/selenium-standalone/.selenium/geckodriver

Yarn version: 
  0.27.5

Node version: 
  8.2.1

Platform: 
  darwin x64

npm manifest: 
  {
    "name": "test-automation-javascript",
    "version": "1.0.0",
    "description": "test automation with javascript",
    "scripts": {
      "test-ui": "mocha --opts ./ui-tests/mocha.opts 'ui-tests/**/*.spec.js'",
    },
    "main": "index.js",
    "repository": "git@github.com:opantsjoha/test-automation-javascript.git",
    "author": "opantsjoha <opantsjoha@gmail.com>",
    "license": "MIT"
  }

yarn manifest: 
  No manifest

Lockfile: 
  No lockfile

Trace: 
  SyntaxError: /Users/opantsjoha/Documents/qa/test-automation-javascript/package.json: Unexpected token } in JSON at position 210
      at JSON.parse (<anonymous>)
      at /usr/local/Cellar/yarn/0.27.5_1/libexec/lib/yarn-cli.js:747:57
      at Generator.next (<anonymous>)
      at step (/usr/local/Cellar/yarn/0.27.5_1/libexec/lib/yarn-cli.js:91:30)
      at /usr/local/Cellar/yarn/0.27.5_1/libexec/lib/yarn-cli.js:102:13
      at <anonymous>
